[debug] [2020-09-16T21:37:15.566Z] ----------------------------------------------------------------------
[debug] [2020-09-16T21:37:15.568Z] Command:       /home/diogo/.nvm/versions/node/v12.16.1/bin/node /home/diogo/.nvm/versions/node/v12.16.1/bin/firebase emulators:start
[debug] [2020-09-16T21:37:15.568Z] CLI Version:   8.10.0
[debug] [2020-09-16T21:37:15.568Z] Platform:      linux
[debug] [2020-09-16T21:37:15.569Z] Node Version:  v12.16.1
[debug] [2020-09-16T21:37:15.569Z] Time:          Wed Sep 16 2020 22:37:15 GMT+0100 (GMT+01:00)
[debug] [2020-09-16T21:37:15.569Z] ----------------------------------------------------------------------
[debug] [2020-09-16T21:37:15.569Z] 
[debug] [2020-09-16T21:37:15.576Z] > command requires scopes: ["email","openid","https://www.googleapis.com/auth/cloudplatformprojects.readonly","https://www.googleapis.com/auth/firebase","https://www.googleapis.com/auth/cloud-platform"]
[debug] [2020-09-16T21:37:15.576Z] > authorizing via signed-in user
[info] i  emulators: Starting emulators: functions, hosting {"metadata":{"emulator":{"name":"hub"},"message":"Starting emulators: functions, hosting"}}
[warn] âš   emulators: It seems that you are running multiple instances of the emulator suite for project clone-b076e. This may result in unexpected behavior. 
[debug] [2020-09-16T21:37:15.589Z] [hub] writing locator at /tmp/hub-clone-b076e.json
[warn] âš   functions: The following emulators are not running, calls to these services from the Functions emulator will affect production: firestore, database, pubsub {"metadata":{"emulator":{"name":"functions"},"message":"The following emulators are not running, calls to these services from the Functions emulator will affect production: \u001b[1mfirestore, database, pubsub\u001b[22m"}}
[warn] âš   Your requested "node" version "10" doesn't match your global version "12" {"metadata":{"emulator":{"name":"functions"},"message":"Your requested \"node\" version \"10\" doesn't match your global version \"12\""}}
[debug] [2020-09-16T21:37:15.622Z] defaultcredentials: writing to file /home/diogo/.config/firebase/diogomartins200214_gmail_com_application_default_credentials.json
[debug] [2020-09-16T21:37:15.623Z] Setting GAC to /home/diogo/.config/firebase/diogomartins200214_gmail_com_application_default_credentials.json {"metadata":{"emulator":{"name":"functions"},"message":"Setting GAC to /home/diogo/.config/firebase/diogomartins200214_gmail_com_application_default_credentials.json"}}
[debug] [2020-09-16T21:37:15.630Z] >>> HTTP REQUEST GET https://firebase.googleapis.com/v1beta1/projects/clone-b076e/webApps/-/config  
 
[debug] [2020-09-16T21:37:16.510Z] <<< HTTP RESPONSE 200 {"content-type":"application/json; charset=UTF-8","vary":"X-Origin, Referer, Origin,Accept-Encoding","date":"Wed, 16 Sep 2020 21:37:16 GMT","server":"ESF","cache-control":"private","x-xss-protection":"0","x-frame-options":"SAMEORIGIN","x-content-type-options":"nosniff","alt-svc":"h3-Q050=\":443\"; ma=2592000,h3-29=\":443\"; ma=2592000,h3-27=\":443\"; ma=2592000,h3-T051=\":443\"; ma=2592000,h3-T050=\":443\"; ma=2592000,h3-Q046=\":443\"; ma=2592000,h3-Q043=\":443\"; ma=2592000,quic=\":443\"; ma=2592000; v=\"46,43\"","accept-ranges":"none","transfer-encoding":"chunked"}
[info] i  hosting: Serving hosting files from: build {"metadata":{"emulator":{"name":"hosting"},"message":"Serving hosting files from: \u001b[1mbuild\u001b[22m"}}
[info] âœ”  hosting: Local server: http://localhost:5000 {"metadata":{"emulator":{"name":"hosting"},"message":"Local server: \u001b[4m\u001b[1mhttp://localhost:5000\u001b[22m\u001b[24m"}}
[debug] [2020-09-16T21:37:16.571Z] Ignoring unsupported arg: auto_download {"metadata":{"emulator":{"name":"ui"},"message":"Ignoring unsupported arg: auto_download"}}
[debug] [2020-09-16T21:37:16.572Z] Ignoring unsupported arg: port {"metadata":{"emulator":{"name":"ui"},"message":"Ignoring unsupported arg: port"}}
[debug] [2020-09-16T21:37:16.573Z] Starting Emulator UI with command {"binary":"node","args":["/home/diogo/.cache/firebase/emulators/ui-v1.1.1/server.bundle.js"],"optionalArgs":[],"joinArgs":false} {"metadata":{"emulator":{"name":"ui"},"message":"Starting Emulator UI with command {\"binary\":\"node\",\"args\":[\"/home/diogo/.cache/firebase/emulators/ui-v1.1.1/server.bundle.js\"],\"optionalArgs\":[],\"joinArgs\":false}"}}
[info] i  ui: Emulator UI logging to ui-debug.log {"metadata":{"emulator":{"name":"ui"},"message":"Emulator UI logging to \u001b[1mui-debug.log\u001b[22m"}}
[debug] [2020-09-16T21:37:16.682Z] Web / API server started at http://localhost:4000
 {"metadata":{"emulator":{"name":"ui"},"message":"Web / API server started at http://localhost:4000\n"}}
[info] i  functions: Watching "/media/diogo/HDD/ðŸ”´ www/Projetos/amazon-clone/functions" for Cloud Functions... {"metadata":{"emulator":{"name":"functions"},"message":"Watching \"/media/diogo/HDD/ðŸ”´ www/Projetos/amazon-clone/functions\" for Cloud Functions..."}}
[debug] [2020-09-16T21:37:16.896Z] [worker-pool] addWorker(~diagnostic~) {"metadata":{"emulator":{"name":"functions"},"message":"[worker-pool] addWorker(~diagnostic~)"}}
[debug] [2020-09-16T21:37:16.897Z] [worker-pool] Adding worker with key ~diagnostic~, total=1 {"metadata":{"emulator":{"name":"functions"},"message":"[worker-pool] Adding worker with key ~diagnostic~, total=1"}}
[debug] [2020-09-16T21:37:16.898Z] [worker-pool] submitWork(triggerId=) {"metadata":{"emulator":{"name":"functions"},"message":"[worker-pool] submitWork(triggerId=)"}}
[debug] [2020-09-16T21:37:16.899Z] [worker-~diagnostic~-716f6ae8-bcb9-4884-aedc-9c1dd588490a]: Assigning socketPath: /tmp/fire_emu_29113.sock {"metadata":{"emulator":{"name":"functions"},"message":"[worker-~diagnostic~-716f6ae8-bcb9-4884-aedc-9c1dd588490a]: Assigning socketPath: /tmp/fire_emu_29113.sock"}}
[debug] [2020-09-16T21:37:16.900Z] [worker-~diagnostic~-716f6ae8-bcb9-4884-aedc-9c1dd588490a]: BUSY {"metadata":{"emulator":{"name":"functions"},"message":"[worker-~diagnostic~-716f6ae8-bcb9-4884-aedc-9c1dd588490a]: BUSY"}}
[debug] [2020-09-16T21:37:17.120Z] [runtime-status] [29113] Functions runtime initialized. {"cwd":"/media/diogo/HDD/ðŸ”´ www/Projetos/amazon-clone/functions","node_version":"12.16.1"} {"metadata":{"emulator":{"name":"functions"},"message":"[runtime-status] [29113] Functions runtime initialized. {\"cwd\":\"/media/diogo/HDD/ðŸ”´ www/Projetos/amazon-clone/functions\",\"node_version\":\"12.16.1\"}"}}
[debug] [2020-09-16T21:37:17.122Z] [runtime-status] [29113] Disabled runtime features: undefined {"metadata":{"emulator":{"name":"functions"},"message":"[runtime-status] [29113] Disabled runtime features: undefined"}}
[debug] [2020-09-16T21:37:17.126Z] [runtime-status] [29113] Resolved module firebase-admin {"declared":true,"installed":true,"version":"8.13.0","resolution":"/media/diogo/HDD/ðŸ”´ www/Projetos/amazon-clone/functions/node_modules/firebase-admin/lib/index.js"} {"metadata":{"emulator":{"name":"functions"},"message":"[runtime-status] [29113] Resolved module firebase-admin {\"declared\":true,\"installed\":true,\"version\":\"8.13.0\",\"resolution\":\"/media/diogo/HDD/ðŸ”´ www/Projetos/amazon-clone/functions/node_modules/firebase-admin/lib/index.js\"}"}}
[debug] [2020-09-16T21:37:17.129Z] [runtime-status] [29113] Resolved module firebase-functions {"declared":true,"installed":true,"version":"3.11.0","resolution":"/media/diogo/HDD/ðŸ”´ www/Projetos/amazon-clone/functions/node_modules/firebase-functions/lib/index.js"} {"metadata":{"emulator":{"name":"functions"},"message":"[runtime-status] [29113] Resolved module firebase-functions {\"declared\":true,\"installed\":true,\"version\":\"3.11.0\",\"resolution\":\"/media/diogo/HDD/ðŸ”´ www/Projetos/amazon-clone/functions/node_modules/firebase-functions/lib/index.js\"}"}}
[debug] [2020-09-16T21:37:17.132Z] [runtime-status] [29113] Resolved module firebase-functions {"declared":true,"installed":true,"version":"3.11.0","resolution":"/media/diogo/HDD/ðŸ”´ www/Projetos/amazon-clone/functions/node_modules/firebase-functions/lib/index.js"} {"metadata":{"emulator":{"name":"functions"},"message":"[runtime-status] [29113] Resolved module firebase-functions {\"declared\":true,\"installed\":true,\"version\":\"3.11.0\",\"resolution\":\"/media/diogo/HDD/ðŸ”´ www/Projetos/amazon-clone/functions/node_modules/firebase-functions/lib/index.js\"}"}}
[debug] [2020-09-16T21:37:17.133Z] [runtime-status] [29113] Outgoing network have been stubbed. [{"name":"http","status":"mocked"},{"name":"http","status":"mocked"},{"name":"https","status":"mocked"},{"name":"https","status":"mocked"},{"name":"net","status":"mocked"}] {"metadata":{"emulator":{"name":"functions"},"message":"[runtime-status] [29113] Outgoing network have been stubbed. [{\"name\":\"http\",\"status\":\"mocked\"},{\"name\":\"http\",\"status\":\"mocked\"},{\"name\":\"https\",\"status\":\"mocked\"},{\"name\":\"https\",\"status\":\"mocked\"},{\"name\":\"net\",\"status\":\"mocked\"}]"}}
[debug] [2020-09-16T21:37:17.135Z] [runtime-status] [29113] Resolved module firebase-functions {"declared":true,"installed":true,"version":"3.11.0","resolution":"/media/diogo/HDD/ðŸ”´ www/Projetos/amazon-clone/functions/node_modules/firebase-functions/lib/index.js"} {"metadata":{"emulator":{"name":"functions"},"message":"[runtime-status] [29113] Resolved module firebase-functions {\"declared\":true,\"installed\":true,\"version\":\"3.11.0\",\"resolution\":\"/media/diogo/HDD/ðŸ”´ www/Projetos/amazon-clone/functions/node_modules/firebase-functions/lib/index.js\"}"}}
[debug] [2020-09-16T21:37:17.226Z] [runtime-status] [29113] Checked functions.config() {"config":{}} {"metadata":{"emulator":{"name":"functions"},"message":"[runtime-status] [29113] Checked functions.config() {\"config\":{}}"}}
[debug] [2020-09-16T21:37:17.226Z] [runtime-status] [29113] firebase-functions has been stubbed. {"functionsResolution":{"declared":true,"installed":true,"version":"3.11.0","resolution":"/media/diogo/HDD/ðŸ”´ www/Projetos/amazon-clone/functions/node_modules/firebase-functions/lib/index.js"}} {"metadata":{"emulator":{"name":"functions"},"message":"[runtime-status] [29113] firebase-functions has been stubbed. {\"functionsResolution\":{\"declared\":true,\"installed\":true,\"version\":\"3.11.0\",\"resolution\":\"/media/diogo/HDD/ðŸ”´ www/Projetos/amazon-clone/functions/node_modules/firebase-functions/lib/index.js\"}}"}}
[debug] [2020-09-16T21:37:17.227Z] [runtime-status] [29113] Resolved module firebase-functions {"declared":true,"installed":true,"version":"3.11.0","resolution":"/media/diogo/HDD/ðŸ”´ www/Projetos/amazon-clone/functions/node_modules/firebase-functions/lib/index.js"} {"metadata":{"emulator":{"name":"functions"},"message":"[runtime-status] [29113] Resolved module firebase-functions {\"declared\":true,\"installed\":true,\"version\":\"3.11.0\",\"resolution\":\"/media/diogo/HDD/ðŸ”´ www/Projetos/amazon-clone/functions/node_modules/firebase-functions/lib/index.js\"}"}}
[debug] [2020-09-16T21:37:17.230Z] [runtime-status] [29113] Resolved module firebase-admin {"declared":true,"installed":true,"version":"8.13.0","resolution":"/media/diogo/HDD/ðŸ”´ www/Projetos/amazon-clone/functions/node_modules/firebase-admin/lib/index.js"} {"metadata":{"emulator":{"name":"functions"},"message":"[runtime-status] [29113] Resolved module firebase-admin {\"declared\":true,\"installed\":true,\"version\":\"8.13.0\",\"resolution\":\"/media/diogo/HDD/ðŸ”´ www/Projetos/amazon-clone/functions/node_modules/firebase-admin/lib/index.js\"}"}}
[debug] [2020-09-16T21:37:17.233Z] [runtime-status] [29113] Resolved module firebase-functions {"declared":true,"installed":true,"version":"3.11.0","resolution":"/media/diogo/HDD/ðŸ”´ www/Projetos/amazon-clone/functions/node_modules/firebase-functions/lib/index.js"} {"metadata":{"emulator":{"name":"functions"},"message":"[runtime-status] [29113] Resolved module firebase-functions {\"declared\":true,\"installed\":true,\"version\":\"3.11.0\",\"resolution\":\"/media/diogo/HDD/ðŸ”´ www/Projetos/amazon-clone/functions/node_modules/firebase-functions/lib/index.js\"}"}}
[debug] [2020-09-16T21:37:17.234Z] [runtime-status] [29113] firebase-admin has been stubbed. {"adminResolution":{"declared":true,"installed":true,"version":"8.13.0","resolution":"/media/diogo/HDD/ðŸ”´ www/Projetos/amazon-clone/functions/node_modules/firebase-admin/lib/index.js"}} {"metadata":{"emulator":{"name":"functions"},"message":"[runtime-status] [29113] firebase-admin has been stubbed. {\"adminResolution\":{\"declared\":true,\"installed\":true,\"version\":\"8.13.0\",\"resolution\":\"/media/diogo/HDD/ðŸ”´ www/Projetos/amazon-clone/functions/node_modules/firebase-admin/lib/index.js\"}}"}}
[info] âœ”  functions[api]: http function initialized (http://localhost:5001/clone-b076e/us-central1/api). {"metadata":{"emulator":{"name":"functions"},"message":"\u001b[1mhttp\u001b[22m function initialized (http://localhost:5001/clone-b076e/us-central1/api)."}}
[info] 
â”Œâ”€â”€â”€â”€â”€â”€â”€â”€â”€â”€â”€â”€â”€â”€â”€â”€â”€â”€â”€â”€â”€â”€â”€â”€â”€â”€â”€â”€â”€â”€â”€â”€â”€â”€â”€â”€â”€â”€â”€â”€â”€â”€â”€â”€â”€â”€â”€â”€â”€â”€â”€â”€â”€â”€â”€â”€â”€â”€â”€â”€â”€â”€â”€â”€â”€â”€â”€â”€â”€â”€â”€â”
â”‚ âœ”  All emulators ready! View status and logs at http://localhost:4000 â”‚
â””â”€â”€â”€â”€â”€â”€â”€â”€â”€â”€â”€â”€â”€â”€â”€â”€â”€â”€â”€â”€â”€â”€â”€â”€â”€â”€â”€â”€â”€â”€â”€â”€â”€â”€â”€â”€â”€â”€â”€â”€â”€â”€â”€â”€â”€â”€â”€â”€â”€â”€â”€â”€â”€â”€â”€â”€â”€â”€â”€â”€â”€â”€â”€â”€â”€â”€â”€â”€â”€â”€â”€â”˜

â”Œâ”€â”€â”€â”€â”€â”€â”€â”€â”€â”€â”€â”¬â”€â”€â”€â”€â”€â”€â”€â”€â”€â”€â”€â”€â”€â”€â”€â”€â”¬â”€â”€â”€â”€â”€â”€â”€â”€â”€â”€â”€â”€â”€â”€â”€â”€â”€â”€â”€â”€â”€â”€â”€â”€â”€â”€â”€â”€â”€â”€â”€â”€â”€â”
â”‚ Emulator  â”‚ Host:Port      â”‚ View in Emulator UI             â”‚
â”œâ”€â”€â”€â”€â”€â”€â”€â”€â”€â”€â”€â”¼â”€â”€â”€â”€â”€â”€â”€â”€â”€â”€â”€â”€â”€â”€â”€â”€â”¼â”€â”€â”€â”€â”€â”€â”€â”€â”€â”€â”€â”€â”€â”€â”€â”€â”€â”€â”€â”€â”€â”€â”€â”€â”€â”€â”€â”€â”€â”€â”€â”€â”€â”¤
â”‚ Functions â”‚ localhost:5001 â”‚ http://localhost:4000/functions â”‚
â”œâ”€â”€â”€â”€â”€â”€â”€â”€â”€â”€â”€â”¼â”€â”€â”€â”€â”€â”€â”€â”€â”€â”€â”€â”€â”€â”€â”€â”€â”¼â”€â”€â”€â”€â”€â”€â”€â”€â”€â”€â”€â”€â”€â”€â”€â”€â”€â”€â”€â”€â”€â”€â”€â”€â”€â”€â”€â”€â”€â”€â”€â”€â”€â”¤
â”‚ Hosting   â”‚ localhost:5000 â”‚ n/a                             â”‚
â””â”€â”€â”€â”€â”€â”€â”€â”€â”€â”€â”€â”´â”€â”€â”€â”€â”€â”€â”€â”€â”€â”€â”€â”€â”€â”€â”€â”€â”´â”€â”€â”€â”€â”€â”€â”€â”€â”€â”€â”€â”€â”€â”€â”€â”€â”€â”€â”€â”€â”€â”€â”€â”€â”€â”€â”€â”€â”€â”€â”€â”€â”€â”˜
  Other reserved ports: 4400, 4500

Issues? Report them at https://github.com/firebase/firebase-tools/issues and attach the *-debug.log files.
 
[debug] [2020-09-16T21:37:17.475Z] [worker-~diagnostic~-716f6ae8-bcb9-4884-aedc-9c1dd588490a]: IDLE {"metadata":{"emulator":{"name":"functions"},"message":"[worker-~diagnostic~-716f6ae8-bcb9-4884-aedc-9c1dd588490a]: IDLE"}}
[debug] [2020-09-16T21:37:42.167Z] [work-queue] {"queueLength":1,"workRunningCount":0}
[debug] [2020-09-16T21:37:42.167Z] [work-queue] {"queueLength":0,"workRunningCount":1}
[debug] [2020-09-16T21:37:42.168Z] Accepted request POST /clone-b076e/us-central1/api/payments/create?total=1549 --> api
[debug] [2020-09-16T21:37:42.174Z] [worker-pool] addWorker(api) {"metadata":{"emulator":{"name":"functions"},"message":"[worker-pool] addWorker(api)"}}
[debug] [2020-09-16T21:37:42.174Z] [worker-pool] Adding worker with key api, total=1 {"metadata":{"emulator":{"name":"functions"},"message":"[worker-pool] Adding worker with key api, total=1"}}
[debug] [2020-09-16T21:37:42.174Z] [worker-pool] submitWork(triggerId=api) {"metadata":{"emulator":{"name":"functions"},"message":"[worker-pool] submitWork(triggerId=api)"}}
[debug] [2020-09-16T21:37:42.174Z] [worker-api-7e27441a-8c88-43e9-8061-ab6620c7d242]: Assigning socketPath: /tmp/fire_emu_29228.sock {"metadata":{"emulator":{"name":"functions"},"message":"[worker-api-7e27441a-8c88-43e9-8061-ab6620c7d242]: Assigning socketPath: /tmp/fire_emu_29228.sock"}}
[debug] [2020-09-16T21:37:42.174Z] [worker-api-7e27441a-8c88-43e9-8061-ab6620c7d242]: BUSY {"metadata":{"emulator":{"name":"functions"},"message":"[worker-api-7e27441a-8c88-43e9-8061-ab6620c7d242]: BUSY"}}
[debug] [2020-09-16T21:37:42.392Z] [runtime-status] [29228] Functions runtime initialized. {"cwd":"/media/diogo/HDD/ðŸ”´ www/Projetos/amazon-clone/functions","node_version":"12.16.1"} {"metadata":{"emulator":{"name":"functions"},"function":{"name":"api"},"message":"[runtime-status] [29228] Functions runtime initialized. {\"cwd\":\"/media/diogo/HDD/ðŸ”´ www/Projetos/amazon-clone/functions\",\"node_version\":\"12.16.1\"}"}}
[debug] [2020-09-16T21:37:42.393Z] [runtime-status] [29228] Disabled runtime features: undefined {"metadata":{"emulator":{"name":"functions"},"function":{"name":"api"},"message":"[runtime-status] [29228] Disabled runtime features: undefined"}}
[debug] [2020-09-16T21:37:42.399Z] [runtime-status] [29228] Resolved module firebase-admin {"declared":true,"installed":true,"version":"8.13.0","resolution":"/media/diogo/HDD/ðŸ”´ www/Projetos/amazon-clone/functions/node_modules/firebase-admin/lib/index.js"} {"metadata":{"emulator":{"name":"functions"},"function":{"name":"api"},"message":"[runtime-status] [29228] Resolved module firebase-admin {\"declared\":true,\"installed\":true,\"version\":\"8.13.0\",\"resolution\":\"/media/diogo/HDD/ðŸ”´ www/Projetos/amazon-clone/functions/node_modules/firebase-admin/lib/index.js\"}"}}
[debug] [2020-09-16T21:37:42.406Z] [runtime-status] [29228] Resolved module firebase-functions {"declared":true,"installed":true,"version":"3.11.0","resolution":"/media/diogo/HDD/ðŸ”´ www/Projetos/amazon-clone/functions/node_modules/firebase-functions/lib/index.js"} {"metadata":{"emulator":{"name":"functions"},"function":{"name":"api"},"message":"[runtime-status] [29228] Resolved module firebase-functions {\"declared\":true,\"installed\":true,\"version\":\"3.11.0\",\"resolution\":\"/media/diogo/HDD/ðŸ”´ www/Projetos/amazon-clone/functions/node_modules/firebase-functions/lib/index.js\"}"}}
[debug] [2020-09-16T21:37:42.411Z] [runtime-status] [29228] Resolved module firebase-functions {"declared":true,"installed":true,"version":"3.11.0","resolution":"/media/diogo/HDD/ðŸ”´ www/Projetos/amazon-clone/functions/node_modules/firebase-functions/lib/index.js"} {"metadata":{"emulator":{"name":"functions"},"function":{"name":"api"},"message":"[runtime-status] [29228] Resolved module firebase-functions {\"declared\":true,\"installed\":true,\"version\":\"3.11.0\",\"resolution\":\"/media/diogo/HDD/ðŸ”´ www/Projetos/amazon-clone/functions/node_modules/firebase-functions/lib/index.js\"}"}}
[debug] [2020-09-16T21:37:42.412Z] [runtime-status] [29228] Outgoing network have been stubbed. [{"name":"http","status":"mocked"},{"name":"http","status":"mocked"},{"name":"https","status":"mocked"},{"name":"https","status":"mocked"},{"name":"net","status":"mocked"}] {"metadata":{"emulator":{"name":"functions"},"function":{"name":"api"},"message":"[runtime-status] [29228] Outgoing network have been stubbed. [{\"name\":\"http\",\"status\":\"mocked\"},{\"name\":\"http\",\"status\":\"mocked\"},{\"name\":\"https\",\"status\":\"mocked\"},{\"name\":\"https\",\"status\":\"mocked\"},{\"name\":\"net\",\"status\":\"mocked\"}]"}}
[debug] [2020-09-16T21:37:42.412Z] [runtime-status] [29228] Resolved module firebase-functions {"declared":true,"installed":true,"version":"3.11.0","resolution":"/media/diogo/HDD/ðŸ”´ www/Projetos/amazon-clone/functions/node_modules/firebase-functions/lib/index.js"} {"metadata":{"emulator":{"name":"functions"},"function":{"name":"api"},"message":"[runtime-status] [29228] Resolved module firebase-functions {\"declared\":true,\"installed\":true,\"version\":\"3.11.0\",\"resolution\":\"/media/diogo/HDD/ðŸ”´ www/Projetos/amazon-clone/functions/node_modules/firebase-functions/lib/index.js\"}"}}
[debug] [2020-09-16T21:37:42.464Z] [runtime-status] [29228] Checked functions.config() {"config":{}} {"metadata":{"emulator":{"name":"functions"},"function":{"name":"api"},"message":"[runtime-status] [29228] Checked functions.config() {\"config\":{}}"}}
[debug] [2020-09-16T21:37:42.464Z] [runtime-status] [29228] firebase-functions has been stubbed. {"functionsResolution":{"declared":true,"installed":true,"version":"3.11.0","resolution":"/media/diogo/HDD/ðŸ”´ www/Projetos/amazon-clone/functions/node_modules/firebase-functions/lib/index.js"}} {"metadata":{"emulator":{"name":"functions"},"function":{"name":"api"},"message":"[runtime-status] [29228] firebase-functions has been stubbed. {\"functionsResolution\":{\"declared\":true,\"installed\":true,\"version\":\"3.11.0\",\"resolution\":\"/media/diogo/HDD/ðŸ”´ www/Projetos/amazon-clone/functions/node_modules/firebase-functions/lib/index.js\"}}"}}
[debug] [2020-09-16T21:37:42.466Z] [runtime-status] [29228] Resolved module firebase-functions {"declared":true,"installed":true,"version":"3.11.0","resolution":"/media/diogo/HDD/ðŸ”´ www/Projetos/amazon-clone/functions/node_modules/firebase-functions/lib/index.js"} {"metadata":{"emulator":{"name":"functions"},"function":{"name":"api"},"message":"[runtime-status] [29228] Resolved module firebase-functions {\"declared\":true,\"installed\":true,\"version\":\"3.11.0\",\"resolution\":\"/media/diogo/HDD/ðŸ”´ www/Projetos/amazon-clone/functions/node_modules/firebase-functions/lib/index.js\"}"}}
[debug] [2020-09-16T21:37:42.469Z] [runtime-status] [29228] Resolved module firebase-admin {"declared":true,"installed":true,"version":"8.13.0","resolution":"/media/diogo/HDD/ðŸ”´ www/Projetos/amazon-clone/functions/node_modules/firebase-admin/lib/index.js"} {"metadata":{"emulator":{"name":"functions"},"function":{"name":"api"},"message":"[runtime-status] [29228] Resolved module firebase-admin {\"declared\":true,\"installed\":true,\"version\":\"8.13.0\",\"resolution\":\"/media/diogo/HDD/ðŸ”´ www/Projetos/amazon-clone/functions/node_modules/firebase-admin/lib/index.js\"}"}}
[debug] [2020-09-16T21:37:42.470Z] [runtime-status] [29228] Resolved module firebase-functions {"declared":true,"installed":true,"version":"3.11.0","resolution":"/media/diogo/HDD/ðŸ”´ www/Projetos/amazon-clone/functions/node_modules/firebase-functions/lib/index.js"} {"metadata":{"emulator":{"name":"functions"},"function":{"name":"api"},"message":"[runtime-status] [29228] Resolved module firebase-functions {\"declared\":true,\"installed\":true,\"version\":\"3.11.0\",\"resolution\":\"/media/diogo/HDD/ðŸ”´ www/Projetos/amazon-clone/functions/node_modules/firebase-functions/lib/index.js\"}"}}
[debug] [2020-09-16T21:37:42.471Z] [runtime-status] [29228] firebase-admin has been stubbed. {"adminResolution":{"declared":true,"installed":true,"version":"8.13.0","resolution":"/media/diogo/HDD/ðŸ”´ www/Projetos/amazon-clone/functions/node_modules/firebase-admin/lib/index.js"}} {"metadata":{"emulator":{"name":"functions"},"function":{"name":"api"},"message":"[runtime-status] [29228] firebase-admin has been stubbed. {\"adminResolution\":{\"declared\":true,\"installed\":true,\"version\":\"8.13.0\",\"resolution\":\"/media/diogo/HDD/ðŸ”´ www/Projetos/amazon-clone/functions/node_modules/firebase-admin/lib/index.js\"}}"}}
[debug] [2020-09-16T21:37:42.738Z] [runtime-status] [29228] Trigger "api" has been found, beginning invocation! {"metadata":{"emulator":{"name":"functions"},"function":{"name":"api"},"message":"[runtime-status] [29228] Trigger \"api\" has been found, beginning invocation!"}}
[info] i  functions: Beginning execution of "api" {"metadata":{"emulator":{"name":"functions"},"function":{"name":"api"},"message":"Beginning execution of \"api\""}}
[debug] [2020-09-16T21:37:42.739Z] [runtime-status] [29228] triggerDefinition {"httpsTrigger":{},"name":"api","entryPoint":"api"} {"metadata":{"emulator":{"name":"functions"},"function":{"name":"api"},"message":"[runtime-status] [29228] triggerDefinition {\"httpsTrigger\":{},\"name\":\"api\",\"entryPoint\":\"api\"}"}}
[debug] [2020-09-16T21:37:42.739Z] [runtime-status] [29228] Running api in mode HTTPS {"metadata":{"emulator":{"name":"functions"},"function":{"name":"api"},"message":"[runtime-status] [29228] Running api in mode HTTPS"}}
[debug] [2020-09-16T21:37:42.741Z] [runtime-status] [29228] Attempting to listen to socketPath: /tmp/fire_emu_29228.sock {"metadata":{"emulator":{"name":"functions"},"function":{"name":"api"},"message":"[runtime-status] [29228] Attempting to listen to socketPath: /tmp/fire_emu_29228.sock"}}
[debug] [2020-09-16T21:37:42.743Z] [functions] Runtime ready! Sending request! {"metadata":{"emulator":{"name":"functions"},"message":"[functions] Runtime ready! Sending request!"}}
[debug] [2020-09-16T21:37:42.754Z] [runtime-status] [29228] Ephemeral server handling POST request {"metadata":{"emulator":{"name":"functions"},"function":{"name":"api"},"message":"[runtime-status] [29228] Ephemeral server handling POST request"}}
[info] >  Payment Request Recieved BOOM!!! for this amount >>>  1549 {"user":"Payment Request Recieved BOOM!!! for this amount >>>  1549","metadata":{"emulator":{"name":"functions"},"function":{"name":"api"},"message":"\u001b[90m> \u001b[39m Payment Request Recieved BOOM!!! for this amount >>>  1549"}}
[debug] [2020-09-16T21:37:42.770Z] [runtime-status] [29228] Ephemeral server survived. {"metadata":{"emulator":{"name":"functions"},"function":{"name":"api"},"message":"[runtime-status] [29228] Ephemeral server survived."}}
[info] i  functions: Finished "api" in ~1s {"metadata":{"emulator":{"name":"functions"},"function":{"name":"api"},"message":"Finished \"api\" in ~1s"}}
[debug] [2020-09-16T21:37:43.331Z] [worker-api-7e27441a-8c88-43e9-8061-ab6620c7d242]: IDLE {"metadata":{"emulator":{"name":"functions"},"message":"[worker-api-7e27441a-8c88-43e9-8061-ab6620c7d242]: IDLE"}}
[debug] [2020-09-16T21:37:43.331Z] [work-queue] {"queueLength":0,"workRunningCount":0}
[debug] [2020-09-16T21:37:54.335Z] [work-queue] {"queueLength":1,"workRunningCount":0}
[debug] [2020-09-16T21:37:54.335Z] [work-queue] {"queueLength":0,"workRunningCount":1}
[debug] [2020-09-16T21:37:54.335Z] Accepted request POST /clone-b076e/us-central1/api/payments/create?total=0 --> api
[debug] [2020-09-16T21:37:54.335Z] [worker-pool] submitWork(triggerId=api) {"metadata":{"emulator":{"name":"functions"},"message":"[worker-pool] submitWork(triggerId=api)"}}
[debug] [2020-09-16T21:37:54.335Z] [worker-api-7e27441a-8c88-43e9-8061-ab6620c7d242]: Assigning socketPath: /tmp/fire_emu_29228.sock {"metadata":{"emulator":{"name":"functions"},"message":"[worker-api-7e27441a-8c88-43e9-8061-ab6620c7d242]: Assigning socketPath: /tmp/fire_emu_29228.sock"}}
[debug] [2020-09-16T21:37:54.336Z] [worker-api-7e27441a-8c88-43e9-8061-ab6620c7d242]: BUSY {"metadata":{"emulator":{"name":"functions"},"message":"[worker-api-7e27441a-8c88-43e9-8061-ab6620c7d242]: BUSY"}}
[debug] [2020-09-16T21:37:54.336Z] [runtime-status] [29228] Trigger "api" has been found, beginning invocation! {"metadata":{"emulator":{"name":"functions"},"function":{"name":"api"},"message":"[runtime-status] [29228] Trigger \"api\" has been found, beginning invocation!"}}
[info] i  functions: Beginning execution of "api" {"metadata":{"emulator":{"name":"functions"},"function":{"name":"api"},"message":"Beginning execution of \"api\""}}
[debug] [2020-09-16T21:37:54.337Z] [runtime-status] [29228] triggerDefinition {"httpsTrigger":{},"name":"api","entryPoint":"api"} {"metadata":{"emulator":{"name":"functions"},"function":{"name":"api"},"message":"[runtime-status] [29228] triggerDefinition {\"httpsTrigger\":{},\"name\":\"api\",\"entryPoint\":\"api\"}"}}
[debug] [2020-09-16T21:37:54.337Z] [runtime-status] [29228] Running api in mode HTTPS {"metadata":{"emulator":{"name":"functions"},"function":{"name":"api"},"message":"[runtime-status] [29228] Running api in mode HTTPS"}}
[debug] [2020-09-16T21:37:54.338Z] [runtime-status] [29228] Attempting to listen to socketPath: /tmp/fire_emu_29228.sock {"metadata":{"emulator":{"name":"functions"},"function":{"name":"api"},"message":"[runtime-status] [29228] Attempting to listen to socketPath: /tmp/fire_emu_29228.sock"}}
[debug] [2020-09-16T21:37:54.338Z] [functions] Runtime ready! Sending request! {"metadata":{"emulator":{"name":"functions"},"message":"[functions] Runtime ready! Sending request!"}}
[debug] [2020-09-16T21:37:54.342Z] [runtime-status] [29228] Ephemeral server handling POST request {"metadata":{"emulator":{"name":"functions"},"function":{"name":"api"},"message":"[runtime-status] [29228] Ephemeral server handling POST request"}}
[info] >  Payment Request Recieved BOOM!!! for this amount >>>  0 {"user":"Payment Request Recieved BOOM!!! for this amount >>>  0","metadata":{"emulator":{"name":"functions"},"function":{"name":"api"},"message":"\u001b[90m> \u001b[39m Payment Request Recieved BOOM!!! for this amount >>>  0"}}
[debug] [2020-09-16T21:37:54.344Z] [runtime-status] [29228] Ephemeral server survived. {"metadata":{"emulator":{"name":"functions"},"function":{"name":"api"},"message":"[runtime-status] [29228] Ephemeral server survived."}}
[info] >  (node:29228) UnhandledPromiseRejectionWarning: Error: This value must be greater than or equal to 1. {"user":"(node:29228) UnhandledPromiseRejectionWarning: Error: This value must be greater than or equal to 1.","metadata":{"emulator":{"name":"functions"},"function":{"name":"api"},"message":"\u001b[90m> \u001b[39m (node:29228) UnhandledPromiseRejectionWarning: Error: This value must be greater than or equal to 1."}}
[info] >      at Function.generate (/media/diogo/HDD/ðŸ”´ www/Projetos/amazon-clone/functions/node_modules/stripe/lib/Error.js:39:16) {"user":"    at Function.generate (/media/diogo/HDD/ðŸ”´ www/Projetos/amazon-clone/functions/node_modules/stripe/lib/Error.js:39:16)","metadata":{"emulator":{"name":"functions"},"function":{"name":"api"},"message":"\u001b[90m> \u001b[39m     at Function.generate (/media/diogo/HDD/ðŸ”´ www/Projetos/amazon-clone/functions/node_modules/stripe/lib/Error.js:39:16)"}}
[info] >      at IncomingMessage.<anonymous> (/media/diogo/HDD/ðŸ”´ www/Projetos/amazon-clone/functions/node_modules/stripe/lib/StripeResource.js:190:33) {"user":"    at IncomingMessage.<anonymous> (/media/diogo/HDD/ðŸ”´ www/Projetos/amazon-clone/functions/node_modules/stripe/lib/StripeResource.js:190:33)","metadata":{"emulator":{"name":"functions"},"function":{"name":"api"},"message":"\u001b[90m> \u001b[39m     at IncomingMessage.<anonymous> (/media/diogo/HDD/ðŸ”´ www/Projetos/amazon-clone/functions/node_modules/stripe/lib/StripeResource.js:190:33)"}}
[info] >      at Object.onceWrapper (events.js:417:28) {"user":"    at Object.onceWrapper (events.js:417:28)","metadata":{"emulator":{"name":"functions"},"function":{"name":"api"},"message":"\u001b[90m> \u001b[39m     at Object.onceWrapper (events.js:417:28)"}}
[info] >      at IncomingMessage.emit (events.js:323:22) {"user":"    at IncomingMessage.emit (events.js:323:22)","metadata":{"emulator":{"name":"functions"},"function":{"name":"api"},"message":"\u001b[90m> \u001b[39m     at IncomingMessage.emit (events.js:323:22)"}}
[info] >      at endReadableNT (_stream_readable.js:1204:12) {"user":"    at endReadableNT (_stream_readable.js:1204:12)","metadata":{"emulator":{"name":"functions"},"function":{"name":"api"},"message":"\u001b[90m> \u001b[39m     at endReadableNT (_stream_readable.js:1204:12)"}}
[info] >      at processTicksAndRejections (internal/process/task_queues.js:84:21) {"user":"    at processTicksAndRejections (internal/process/task_queues.js:84:21)","metadata":{"emulator":{"name":"functions"},"function":{"name":"api"},"message":"\u001b[90m> \u001b[39m     at processTicksAndRejections (internal/process/task_queues.js:84:21)"}}
[info] >  (node:29228) UnhandledPromiseRejectionWarning: Unhandled promise rejection. This error originated either by throwing inside of an async function without a catch block, or by rejecting a promise which was not handled with .catch(). To terminate the node process on unhandled promise rejection, use the CLI flag `--unhandled-rejections=strict` (see https://nodejs.org/api/cli.html#cli_unhandled_rejections_mode). (rejection id: 1) {"user":"(node:29228) UnhandledPromiseRejectionWarning: Unhandled promise rejection. This error originated either by throwing inside of an async function without a catch block, or by rejecting a promise which was not handled with .catch(). To terminate the node process on unhandled promise rejection, use the CLI flag `--unhandled-rejections=strict` (see https://nodejs.org/api/cli.html#cli_unhandled_rejections_mode). (rejection id: 1)","metadata":{"emulator":{"name":"functions"},"function":{"name":"api"},"message":"\u001b[90m> \u001b[39m (node:29228) UnhandledPromiseRejectionWarning: Unhandled promise rejection. This error originated either by throwing inside of an async function without a catch block, or by rejecting a promise which was not handled with .catch(). To terminate the node process on unhandled promise rejection, use the CLI flag `--unhandled-rejections=strict` (see https://nodejs.org/api/cli.html#cli_unhandled_rejections_mode). (rejection id: 1)"}}
[info] >  (node:29228) [DEP0018] DeprecationWarning: Unhandled promise rejections are deprecated. In the future, promise rejections that are not handled will terminate the Node.js process with a non-zero exit code. {"user":"(node:29228) [DEP0018] DeprecationWarning: Unhandled promise rejections are deprecated. In the future, promise rejections that are not handled will terminate the Node.js process with a non-zero exit code.","metadata":{"emulator":{"name":"functions"},"function":{"name":"api"},"message":"\u001b[90m> \u001b[39m (node:29228) [DEP0018] DeprecationWarning: Unhandled promise rejections are deprecated. In the future, promise rejections that are not handled will terminate the Node.js process with a non-zero exit code."}}
[warn] âš   functions: Your function timed out after ~60s. To configure this timeout, see
      https://firebase.google.com/docs/functions/manage-functions#set_timeout_and_memory_allocation. {"metadata":{"emulator":{"name":"functions"},"function":{"name":"api"},"message":"Your function timed out after ~60s. To configure this timeout, see\n      https://firebase.google.com/docs/functions/manage-functions#set_timeout_and_memory_allocation."}}
[info] >  /home/diogo/.nvm/versions/node/v12.16.1/lib/node_modules/firebase-tools/lib/emulator/functionsEmulatorRuntime.js:642 {"user":"/home/diogo/.nvm/versions/node/v12.16.1/lib/node_modules/firebase-tools/lib/emulator/functionsEmulatorRuntime.js:642","metadata":{"emulator":{"name":"functions"},"function":{"name":"api"},"message":"\u001b[90m> \u001b[39m /home/diogo/.nvm/versions/node/v12.16.1/lib/node_modules/firebase-tools/lib/emulator/functionsEmulatorRuntime.js:642"}}
[info] >                  throw new Error("Function timed out."); {"user":"                throw new Error(\"Function timed out.\");","metadata":{"emulator":{"name":"functions"},"function":{"name":"api"},"message":"\u001b[90m> \u001b[39m                 throw new Error(\"Function timed out.\");"}}
[info] >                  ^ {"user":"                ^","metadata":{"emulator":{"name":"functions"},"function":{"name":"api"},"message":"\u001b[90m> \u001b[39m                 ^"}}
[info] >   {"user":"","metadata":{"emulator":{"name":"functions"},"function":{"name":"api"},"message":"\u001b[90m> \u001b[39m "}}
[info] >  Error: Function timed out. {"user":"Error: Function timed out.","metadata":{"emulator":{"name":"functions"},"function":{"name":"api"},"message":"\u001b[90m> \u001b[39m Error: Function timed out."}}
[info] >      at Timeout._onTimeout (/home/diogo/.nvm/versions/node/v12.16.1/lib/node_modules/firebase-tools/lib/emulator/functionsEmulatorRuntime.js:642:23) {"user":"    at Timeout._onTimeout (/home/diogo/.nvm/versions/node/v12.16.1/lib/node_modules/firebase-tools/lib/emulator/functionsEmulatorRuntime.js:642:23)","metadata":{"emulator":{"name":"functions"},"function":{"name":"api"},"message":"\u001b[90m> \u001b[39m     at Timeout._onTimeout (/home/diogo/.nvm/versions/node/v12.16.1/lib/node_modules/firebase-tools/lib/emulator/functionsEmulatorRuntime.js:642:23)"}}
[info] >      at listOnTimeout (internal/timers.js:549:17) {"user":"    at listOnTimeout (internal/timers.js:549:17)","metadata":{"emulator":{"name":"functions"},"function":{"name":"api"},"message":"\u001b[90m> \u001b[39m     at listOnTimeout (internal/timers.js:549:17)"}}
[info] >      at processTimers (internal/timers.js:492:7) {"user":"    at processTimers (internal/timers.js:492:7)","metadata":{"emulator":{"name":"functions"},"function":{"name":"api"},"message":"\u001b[90m> \u001b[39m     at processTimers (internal/timers.js:492:7)"}}
[debug] [2020-09-16T21:38:54.351Z] [worker-api-7e27441a-8c88-43e9-8061-ab6620c7d242]: exited {"metadata":{"emulator":{"name":"functions"},"message":"[worker-api-7e27441a-8c88-43e9-8061-ab6620c7d242]: exited"}}
[debug] [2020-09-16T21:38:54.351Z] [worker-api-7e27441a-8c88-43e9-8061-ab6620c7d242]: FINISHED {"metadata":{"emulator":{"name":"functions"},"message":"[worker-api-7e27441a-8c88-43e9-8061-ab6620c7d242]: FINISHED"}}
[debug] [2020-09-16T21:38:54.352Z] [work-queue] {"queueLength":0,"workRunningCount":0}
[debug] [2020-09-16T21:42:21.743Z] [work-queue] {"queueLength":1,"workRunningCount":0}
[debug] [2020-09-16T21:42:21.743Z] [work-queue] {"queueLength":0,"workRunningCount":1}
[debug] [2020-09-16T21:42:21.743Z] Accepted request POST /clone-b076e/us-central1/api/payments/create?total=209498.99999999997 --> api
[debug] [2020-09-16T21:42:21.743Z] [worker-pool] Cleaned up workers for api: 1 --> 0 {"metadata":{"emulator":{"name":"functions"},"message":"[worker-pool] Cleaned up workers for api: 1 --> 0"}}
[debug] [2020-09-16T21:42:21.748Z] [worker-pool] addWorker(api) {"metadata":{"emulator":{"name":"functions"},"message":"[worker-pool] addWorker(api)"}}
[debug] [2020-09-16T21:42:21.748Z] [worker-pool] Adding worker with key api, total=1 {"metadata":{"emulator":{"name":"functions"},"message":"[worker-pool] Adding worker with key api, total=1"}}
[debug] [2020-09-16T21:42:21.748Z] [worker-pool] submitWork(triggerId=api) {"metadata":{"emulator":{"name":"functions"},"message":"[worker-pool] submitWork(triggerId=api)"}}
[debug] [2020-09-16T21:42:21.748Z] [worker-api-c7e92eb4-6fcc-47e6-bfc3-8294d307629c]: Assigning socketPath: /tmp/fire_emu_29638.sock {"metadata":{"emulator":{"name":"functions"},"message":"[worker-api-c7e92eb4-6fcc-47e6-bfc3-8294d307629c]: Assigning socketPath: /tmp/fire_emu_29638.sock"}}
[debug] [2020-09-16T21:42:21.748Z] [worker-api-c7e92eb4-6fcc-47e6-bfc3-8294d307629c]: BUSY {"metadata":{"emulator":{"name":"functions"},"message":"[worker-api-c7e92eb4-6fcc-47e6-bfc3-8294d307629c]: BUSY"}}
[debug] [2020-09-16T21:42:21.964Z] [runtime-status] [29638] Functions runtime initialized. {"cwd":"/media/diogo/HDD/ðŸ”´ www/Projetos/amazon-clone/functions","node_version":"12.16.1"} {"metadata":{"emulator":{"name":"functions"},"function":{"name":"api"},"message":"[runtime-status] [29638] Functions runtime initialized. {\"cwd\":\"/media/diogo/HDD/ðŸ”´ www/Projetos/amazon-clone/functions\",\"node_version\":\"12.16.1\"}"}}
[debug] [2020-09-16T21:42:21.966Z] [runtime-status] [29638] Disabled runtime features: undefined {"metadata":{"emulator":{"name":"functions"},"function":{"name":"api"},"message":"[runtime-status] [29638] Disabled runtime features: undefined"}}
[debug] [2020-09-16T21:42:21.973Z] [runtime-status] [29638] Resolved module firebase-admin {"declared":true,"installed":true,"version":"8.13.0","resolution":"/media/diogo/HDD/ðŸ”´ www/Projetos/amazon-clone/functions/node_modules/firebase-admin/lib/index.js"} {"metadata":{"emulator":{"name":"functions"},"function":{"name":"api"},"message":"[runtime-status] [29638] Resolved module firebase-admin {\"declared\":true,\"installed\":true,\"version\":\"8.13.0\",\"resolution\":\"/media/diogo/HDD/ðŸ”´ www/Projetos/amazon-clone/functions/node_modules/firebase-admin/lib/index.js\"}"}}
[debug] [2020-09-16T21:42:21.977Z] [runtime-status] [29638] Resolved module firebase-functions {"declared":true,"installed":true,"version":"3.11.0","resolution":"/media/diogo/HDD/ðŸ”´ www/Projetos/amazon-clone/functions/node_modules/firebase-functions/lib/index.js"} {"metadata":{"emulator":{"name":"functions"},"function":{"name":"api"},"message":"[runtime-status] [29638] Resolved module firebase-functions {\"declared\":true,\"installed\":true,\"version\":\"3.11.0\",\"resolution\":\"/media/diogo/HDD/ðŸ”´ www/Projetos/amazon-clone/functions/node_modules/firebase-functions/lib/index.js\"}"}}
[debug] [2020-09-16T21:42:21.979Z] [runtime-status] [29638] Resolved module firebase-functions {"declared":true,"installed":true,"version":"3.11.0","resolution":"/media/diogo/HDD/ðŸ”´ www/Projetos/amazon-clone/functions/node_modules/firebase-functions/lib/index.js"} {"metadata":{"emulator":{"name":"functions"},"function":{"name":"api"},"message":"[runtime-status] [29638] Resolved module firebase-functions {\"declared\":true,\"installed\":true,\"version\":\"3.11.0\",\"resolution\":\"/media/diogo/HDD/ðŸ”´ www/Projetos/amazon-clone/functions/node_modules/firebase-functions/lib/index.js\"}"}}
[debug] [2020-09-16T21:42:21.980Z] [runtime-status] [29638] Outgoing network have been stubbed. [{"name":"http","status":"mocked"},{"name":"http","status":"mocked"},{"name":"https","status":"mocked"},{"name":"https","status":"mocked"},{"name":"net","status":"mocked"}] {"metadata":{"emulator":{"name":"functions"},"function":{"name":"api"},"message":"[runtime-status] [29638] Outgoing network have been stubbed. [{\"name\":\"http\",\"status\":\"mocked\"},{\"name\":\"http\",\"status\":\"mocked\"},{\"name\":\"https\",\"status\":\"mocked\"},{\"name\":\"https\",\"status\":\"mocked\"},{\"name\":\"net\",\"status\":\"mocked\"}]"}}
[debug] [2020-09-16T21:42:21.982Z] [runtime-status] [29638] Resolved module firebase-functions {"declared":true,"installed":true,"version":"3.11.0","resolution":"/media/diogo/HDD/ðŸ”´ www/Projetos/amazon-clone/functions/node_modules/firebase-functions/lib/index.js"} {"metadata":{"emulator":{"name":"functions"},"function":{"name":"api"},"message":"[runtime-status] [29638] Resolved module firebase-functions {\"declared\":true,\"installed\":true,\"version\":\"3.11.0\",\"resolution\":\"/media/diogo/HDD/ðŸ”´ www/Projetos/amazon-clone/functions/node_modules/firebase-functions/lib/index.js\"}"}}
[debug] [2020-09-16T21:42:22.039Z] [runtime-status] [29638] Checked functions.config() {"config":{}} {"metadata":{"emulator":{"name":"functions"},"function":{"name":"api"},"message":"[runtime-status] [29638] Checked functions.config() {\"config\":{}}"}}
[debug] [2020-09-16T21:42:22.039Z] [runtime-status] [29638] firebase-functions has been stubbed. {"functionsResolution":{"declared":true,"installed":true,"version":"3.11.0","resolution":"/media/diogo/HDD/ðŸ”´ www/Projetos/amazon-clone/functions/node_modules/firebase-functions/lib/index.js"}} {"metadata":{"emulator":{"name":"functions"},"function":{"name":"api"},"message":"[runtime-status] [29638] firebase-functions has been stubbed. {\"functionsResolution\":{\"declared\":true,\"installed\":true,\"version\":\"3.11.0\",\"resolution\":\"/media/diogo/HDD/ðŸ”´ www/Projetos/amazon-clone/functions/node_modules/firebase-functions/lib/index.js\"}}"}}
[debug] [2020-09-16T21:42:22.040Z] [runtime-status] [29638] Resolved module firebase-functions {"declared":true,"installed":true,"version":"3.11.0","resolution":"/media/diogo/HDD/ðŸ”´ www/Projetos/amazon-clone/functions/node_modules/firebase-functions/lib/index.js"} {"metadata":{"emulator":{"name":"functions"},"function":{"name":"api"},"message":"[runtime-status] [29638] Resolved module firebase-functions {\"declared\":true,\"installed\":true,\"version\":\"3.11.0\",\"resolution\":\"/media/diogo/HDD/ðŸ”´ www/Projetos/amazon-clone/functions/node_modules/firebase-functions/lib/index.js\"}"}}
[debug] [2020-09-16T21:42:22.042Z] [runtime-status] [29638] Resolved module firebase-admin {"declared":true,"installed":true,"version":"8.13.0","resolution":"/media/diogo/HDD/ðŸ”´ www/Projetos/amazon-clone/functions/node_modules/firebase-admin/lib/index.js"} {"metadata":{"emulator":{"name":"functions"},"function":{"name":"api"},"message":"[runtime-status] [29638] Resolved module firebase-admin {\"declared\":true,\"installed\":true,\"version\":\"8.13.0\",\"resolution\":\"/media/diogo/HDD/ðŸ”´ www/Projetos/amazon-clone/functions/node_modules/firebase-admin/lib/index.js\"}"}}
[debug] [2020-09-16T21:42:22.043Z] [runtime-status] [29638] Resolved module firebase-functions {"declared":true,"installed":true,"version":"3.11.0","resolution":"/media/diogo/HDD/ðŸ”´ www/Projetos/amazon-clone/functions/node_modules/firebase-functions/lib/index.js"} {"metadata":{"emulator":{"name":"functions"},"function":{"name":"api"},"message":"[runtime-status] [29638] Resolved module firebase-functions {\"declared\":true,\"installed\":true,\"version\":\"3.11.0\",\"resolution\":\"/media/diogo/HDD/ðŸ”´ www/Projetos/amazon-clone/functions/node_modules/firebase-functions/lib/index.js\"}"}}
[debug] [2020-09-16T21:42:22.044Z] [runtime-status] [29638] firebase-admin has been stubbed. {"adminResolution":{"declared":true,"installed":true,"version":"8.13.0","resolution":"/media/diogo/HDD/ðŸ”´ www/Projetos/amazon-clone/functions/node_modules/firebase-admin/lib/index.js"}} {"metadata":{"emulator":{"name":"functions"},"function":{"name":"api"},"message":"[runtime-status] [29638] firebase-admin has been stubbed. {\"adminResolution\":{\"declared\":true,\"installed\":true,\"version\":\"8.13.0\",\"resolution\":\"/media/diogo/HDD/ðŸ”´ www/Projetos/amazon-clone/functions/node_modules/firebase-admin/lib/index.js\"}}"}}
[debug] [2020-09-16T21:42:22.304Z] [runtime-status] [29638] Trigger "api" has been found, beginning invocation! {"metadata":{"emulator":{"name":"functions"},"function":{"name":"api"},"message":"[runtime-status] [29638] Trigger \"api\" has been found, beginning invocation!"}}
[info] i  functions: Beginning execution of "api" {"metadata":{"emulator":{"name":"functions"},"function":{"name":"api"},"message":"Beginning execution of \"api\""}}
[debug] [2020-09-16T21:42:22.304Z] [runtime-status] [29638] triggerDefinition {"httpsTrigger":{},"name":"api","entryPoint":"api"} {"metadata":{"emulator":{"name":"functions"},"function":{"name":"api"},"message":"[runtime-status] [29638] triggerDefinition {\"httpsTrigger\":{},\"name\":\"api\",\"entryPoint\":\"api\"}"}}
[debug] [2020-09-16T21:42:22.304Z] [runtime-status] [29638] Running api in mode HTTPS {"metadata":{"emulator":{"name":"functions"},"function":{"name":"api"},"message":"[runtime-status] [29638] Running api in mode HTTPS"}}
[debug] [2020-09-16T21:42:22.306Z] [runtime-status] [29638] Attempting to listen to socketPath: /tmp/fire_emu_29638.sock {"metadata":{"emulator":{"name":"functions"},"function":{"name":"api"},"message":"[runtime-status] [29638] Attempting to listen to socketPath: /tmp/fire_emu_29638.sock"}}
[debug] [2020-09-16T21:42:22.307Z] [functions] Runtime ready! Sending request! {"metadata":{"emulator":{"name":"functions"},"message":"[functions] Runtime ready! Sending request!"}}
[debug] [2020-09-16T21:42:22.318Z] [runtime-status] [29638] Ephemeral server handling POST request {"metadata":{"emulator":{"name":"functions"},"function":{"name":"api"},"message":"[runtime-status] [29638] Ephemeral server handling POST request"}}
[info] >  Payment Request Recieved BOOM!!! for this amount >>>  209498.99999999997 {"user":"Payment Request Recieved BOOM!!! for this amount >>>  209498.99999999997","metadata":{"emulator":{"name":"functions"},"function":{"name":"api"},"message":"\u001b[90m> \u001b[39m Payment Request Recieved BOOM!!! for this amount >>>  209498.99999999997"}}
[debug] [2020-09-16T21:42:22.330Z] [runtime-status] [29638] Ephemeral server survived. {"metadata":{"emulator":{"name":"functions"},"function":{"name":"api"},"message":"[runtime-status] [29638] Ephemeral server survived."}}
[info] >  (node:29638) UnhandledPromiseRejectionWarning: Error: Invalid integer: 209498.99999999997 {"user":"(node:29638) UnhandledPromiseRejectionWarning: Error: Invalid integer: 209498.99999999997","metadata":{"emulator":{"name":"functions"},"function":{"name":"api"},"message":"\u001b[90m> \u001b[39m (node:29638) UnhandledPromiseRejectionWarning: Error: Invalid integer: 209498.99999999997"}}
[info] >      at Function.generate (/media/diogo/HDD/ðŸ”´ www/Projetos/amazon-clone/functions/node_modules/stripe/lib/Error.js:39:16) {"user":"    at Function.generate (/media/diogo/HDD/ðŸ”´ www/Projetos/amazon-clone/functions/node_modules/stripe/lib/Error.js:39:16)","metadata":{"emulator":{"name":"functions"},"function":{"name":"api"},"message":"\u001b[90m> \u001b[39m     at Function.generate (/media/diogo/HDD/ðŸ”´ www/Projetos/amazon-clone/functions/node_modules/stripe/lib/Error.js:39:16)"}}
[info] >      at IncomingMessage.<anonymous> (/media/diogo/HDD/ðŸ”´ www/Projetos/amazon-clone/functions/node_modules/stripe/lib/StripeResource.js:190:33) {"user":"    at IncomingMessage.<anonymous> (/media/diogo/HDD/ðŸ”´ www/Projetos/amazon-clone/functions/node_modules/stripe/lib/StripeResource.js:190:33)","metadata":{"emulator":{"name":"functions"},"function":{"name":"api"},"message":"\u001b[90m> \u001b[39m     at IncomingMessage.<anonymous> (/media/diogo/HDD/ðŸ”´ www/Projetos/amazon-clone/functions/node_modules/stripe/lib/StripeResource.js:190:33)"}}
[info] >      at Object.onceWrapper (events.js:417:28) {"user":"    at Object.onceWrapper (events.js:417:28)","metadata":{"emulator":{"name":"functions"},"function":{"name":"api"},"message":"\u001b[90m> \u001b[39m     at Object.onceWrapper (events.js:417:28)"}}
[info] >      at IncomingMessage.emit (events.js:323:22) {"user":"    at IncomingMessage.emit (events.js:323:22)","metadata":{"emulator":{"name":"functions"},"function":{"name":"api"},"message":"\u001b[90m> \u001b[39m     at IncomingMessage.emit (events.js:323:22)"}}
[info] >      at endReadableNT (_stream_readable.js:1204:12) {"user":"    at endReadableNT (_stream_readable.js:1204:12)","metadata":{"emulator":{"name":"functions"},"function":{"name":"api"},"message":"\u001b[90m> \u001b[39m     at endReadableNT (_stream_readable.js:1204:12)"}}
[info] >      at processTicksAndRejections (internal/process/task_queues.js:84:21) {"user":"    at processTicksAndRejections (internal/process/task_queues.js:84:21)","metadata":{"emulator":{"name":"functions"},"function":{"name":"api"},"message":"\u001b[90m> \u001b[39m     at processTicksAndRejections (internal/process/task_queues.js:84:21)"}}
[info] >  (node:29638) UnhandledPromiseRejectionWarning: Unhandled promise rejection. This error originated either by throwing inside of an async function without a catch block, or by rejecting a promise which was not handled with .catch(). To terminate the node process on unhandled promise rejection, use the CLI flag `--unhandled-rejections=strict` (see https://nodejs.org/api/cli.html#cli_unhandled_rejections_mode). (rejection id: 1) {"user":"(node:29638) UnhandledPromiseRejectionWarning: Unhandled promise rejection. This error originated either by throwing inside of an async function without a catch block, or by rejecting a promise which was not handled with .catch(). To terminate the node process on unhandled promise rejection, use the CLI flag `--unhandled-rejections=strict` (see https://nodejs.org/api/cli.html#cli_unhandled_rejections_mode). (rejection id: 1)","metadata":{"emulator":{"name":"functions"},"function":{"name":"api"},"message":"\u001b[90m> \u001b[39m (node:29638) UnhandledPromiseRejectionWarning: Unhandled promise rejection. This error originated either by throwing inside of an async function without a catch block, or by rejecting a promise which was not handled with .catch(). To terminate the node process on unhandled promise rejection, use the CLI flag `--unhandled-rejections=strict` (see https://nodejs.org/api/cli.html#cli_unhandled_rejections_mode). (rejection id: 1)"}}
[info] >  (node:29638) [DEP0018] DeprecationWarning: Unhandled promise rejections are deprecated. In the future, promise rejections that are not handled will terminate the Node.js process with a non-zero exit code. {"user":"(node:29638) [DEP0018] DeprecationWarning: Unhandled promise rejections are deprecated. In the future, promise rejections that are not handled will terminate the Node.js process with a non-zero exit code.","metadata":{"emulator":{"name":"functions"},"function":{"name":"api"},"message":"\u001b[90m> \u001b[39m (node:29638) [DEP0018] DeprecationWarning: Unhandled promise rejections are deprecated. In the future, promise rejections that are not handled will terminate the Node.js process with a non-zero exit code."}}
[warn] âš   functions: Your function timed out after ~60s. To configure this timeout, see
      https://firebase.google.com/docs/functions/manage-functions#set_timeout_and_memory_allocation. {"metadata":{"emulator":{"name":"functions"},"function":{"name":"api"},"message":"Your function timed out after ~60s. To configure this timeout, see\n      https://firebase.google.com/docs/functions/manage-functions#set_timeout_and_memory_allocation."}}
[info] >  /home/diogo/.nvm/versions/node/v12.16.1/lib/node_modules/firebase-tools/lib/emulator/functionsEmulatorRuntime.js:642 {"user":"/home/diogo/.nvm/versions/node/v12.16.1/lib/node_modules/firebase-tools/lib/emulator/functionsEmulatorRuntime.js:642","metadata":{"emulator":{"name":"functions"},"function":{"name":"api"},"message":"\u001b[90m> \u001b[39m /home/diogo/.nvm/versions/node/v12.16.1/lib/node_modules/firebase-tools/lib/emulator/functionsEmulatorRuntime.js:642"}}
[info] >                  throw new Error("Function timed out."); {"user":"                throw new Error(\"Function timed out.\");","metadata":{"emulator":{"name":"functions"},"function":{"name":"api"},"message":"\u001b[90m> \u001b[39m                 throw new Error(\"Function timed out.\");"}}
[info] >                  ^ {"user":"                ^","metadata":{"emulator":{"name":"functions"},"function":{"name":"api"},"message":"\u001b[90m> \u001b[39m                 ^"}}
[info] >   {"user":"","metadata":{"emulator":{"name":"functions"},"function":{"name":"api"},"message":"\u001b[90m> \u001b[39m "}}
[info] >  Error: Function timed out. {"user":"Error: Function timed out.","metadata":{"emulator":{"name":"functions"},"function":{"name":"api"},"message":"\u001b[90m> \u001b[39m Error: Function timed out."}}
[info] >      at Timeout._onTimeout (/home/diogo/.nvm/versions/node/v12.16.1/lib/node_modules/firebase-tools/lib/emulator/functionsEmulatorRuntime.js:642:23) {"user":"    at Timeout._onTimeout (/home/diogo/.nvm/versions/node/v12.16.1/lib/node_modules/firebase-tools/lib/emulator/functionsEmulatorRuntime.js:642:23)","metadata":{"emulator":{"name":"functions"},"function":{"name":"api"},"message":"\u001b[90m> \u001b[39m     at Timeout._onTimeout (/home/diogo/.nvm/versions/node/v12.16.1/lib/node_modules/firebase-tools/lib/emulator/functionsEmulatorRuntime.js:642:23)"}}
[info] >      at listOnTimeout (internal/timers.js:549:17) {"user":"    at listOnTimeout (internal/timers.js:549:17)","metadata":{"emulator":{"name":"functions"},"function":{"name":"api"},"message":"\u001b[90m> \u001b[39m     at listOnTimeout (internal/timers.js:549:17)"}}
[info] >      at processTimers (internal/timers.js:492:7) {"user":"    at processTimers (internal/timers.js:492:7)","metadata":{"emulator":{"name":"functions"},"function":{"name":"api"},"message":"\u001b[90m> \u001b[39m     at processTimers (internal/timers.js:492:7)"}}
[debug] [2020-09-16T21:43:22.329Z] [worker-api-c7e92eb4-6fcc-47e6-bfc3-8294d307629c]: exited {"metadata":{"emulator":{"name":"functions"},"message":"[worker-api-c7e92eb4-6fcc-47e6-bfc3-8294d307629c]: exited"}}
[debug] [2020-09-16T21:43:22.330Z] [worker-api-c7e92eb4-6fcc-47e6-bfc3-8294d307629c]: FINISHED {"metadata":{"emulator":{"name":"functions"},"message":"[worker-api-c7e92eb4-6fcc-47e6-bfc3-8294d307629c]: FINISHED"}}
[debug] [2020-09-16T21:43:22.330Z] [work-queue] {"queueLength":0,"workRunningCount":0}
